  GFrameW32.cpp
C:\Users\zefir\VSProjects\CGlabs\deps\GFrameW32\GFrameW32\Graphics.h(15,14): warning C4244: *=: преобразование "double" в "int", возможна потеря данных
  (компиляция исходного файла "/GFrameW32.cpp")
  
C:\Users\zefir\VSProjects\CGlabs\deps\GFrameW32\GFrameW32\Graphics.h(16,14): warning C4244: *=: преобразование "double" в "int", возможна потеря данных
  (компиляция исходного файла "/GFrameW32.cpp")
  
  Graphics.cpp
C:\Users\zefir\VSProjects\CGlabs\deps\GFrameW32\GFrameW32\Graphics.h(15,14): warning C4244: *=: преобразование "double" в "int", возможна потеря данных
  (компиляция исходного файла "/Graphics.cpp")
  
C:\Users\zefir\VSProjects\CGlabs\deps\GFrameW32\GFrameW32\Graphics.h(16,14): warning C4244: *=: преобразование "double" в "int", возможна потеря данных
  (компиляция исходного файла "/Graphics.cpp")
  
C:\Users\zefir\VSProjects\CGlabs\deps\GFrameW32\GFrameW32\Graphics.cpp(168,56): warning C4267: аргумент: преобразование из "size_t" в "int"; возможна потеря данных
  (компиляция исходного файла "/Graphics.cpp")
  
C:\Users\zefir\VSProjects\CGlabs\deps\GFrameW32\GFrameW32\Graphics.cpp(263,20): warning C4101: demon: неиспользованная локальная переменная
  (компиляция исходного файла "/Graphics.cpp")
  
C:\Users\zefir\VSProjects\CGlabs\deps\GFrameW32\GFrameW32\Graphics.cpp(323,30): warning C4244: аргумент: преобразование "double" в "int", возможна потеря данных
  (компиляция исходного файла "/Graphics.cpp")
  
C:\Users\zefir\VSProjects\CGlabs\deps\GFrameW32\GFrameW32\Graphics.cpp(323,26): warning C4244: аргумент: преобразование "double" в "int", возможна потеря данных
  (компиляция исходного файла "/Graphics.cpp")
  
C:\Users\zefir\VSProjects\CGlabs\deps\GFrameW32\GFrameW32\Graphics.cpp(323,22): warning C4244: аргумент: преобразование "double" в "int", возможна потеря данных
  (компиляция исходного файла "/Graphics.cpp")
  
C:\Users\zefir\VSProjects\CGlabs\deps\GFrameW32\GFrameW32\Graphics.cpp(323,18): warning C4244: аргумент: преобразование "double" в "int", возможна потеря данных
  (компиляция исходного файла "/Graphics.cpp")
  
C:\Users\zefir\VSProjects\CGlabs\deps\GFrameW32\GFrameW32\Graphics.cpp(316,9): warning C4189: test: локальная переменная инициализирована, но не использована
  (компиляция исходного файла "/Graphics.cpp")
  
  Создание кода...
  GFrameW32.vc2015.vcxproj -> C:\Users\zefir\VSProjects\CGlabs\deps\GFrameW32\x64\Debug\GFrameW32.exe
